<?xml version="1.0" encoding="UTF-8" ?>
<testsuite tests="3" failures="0" name="com.intexsoft.practic.ez.lib_v3.ReturnTest" time="0.017" errors="0" skipped="0">
  <properties>
[...]
</properties>
  <testcase classname="com.intexsoft.practic.ez.lib_v3.ReturnTest" name="testNotFound" time="0"/>
  <testcase classname="com.intexsoft.practic.ez.lib_v3.ReturnTest" name="testReturnedEarly" time="0.008"/>
  <testcase classname="com.intexsoft.practic.ez.lib_v3.ReturnTest" name="testSuccess" time="0.009"/>
</testsuite>